<?xml version="1.0" encoding="UTF-8"?>
<!-- Generated by org.testng.reporters.JUnitXMLReporter -->
<testsuite ignored="0" hostname="DESKTOP-1R6JOFO" failures="0" tests="6" name="Test" time="74.451" errors="0" timestamp="2022-10-09T14:26:33 IST">
  <testcase classname="testClasses.VerifyUserCanLogin" name="VerifyUserCanLogIn" time="11.196"/>
  <testcase classname="testClasses.VerifyUserCanGetLowestPriceProduct" name="VerifyUserCanSearchProduct" time="1.727"/>
  <testcase classname="testClasses.VerifyUserCanGetLowestPriceProduct" name="VerifyUserCanGetLowestPriceProductFromEachPage" time="11.695"/>
  <testcase classname="testClasses.VerifyUserCanAddNewAddress" name="verifyUserCanOpenProfilePage" time="10.732"/>
  <testcase classname="testClasses.VerifyUserCanAddNewAddress" name="addNewAddress" time="2.324"/>
  <testcase classname="testClasses.VerifyUserCanAddNewAddress" name="addNewAddress" time="2.5"/>
</testsuite> <!-- Test -->
