<?xml version="1.0" encoding="UTF-8"?>
<testng-results ignored="0" total="6" passed="6" failed="0" skipped="0">
  <reporter-output>
  </reporter-output>
  <suite started-at="2022-10-09T14:25:19 IST" name="Suite" finished-at="2022-10-09T14:26:33 IST" duration-ms="74451">
    <groups>
    </groups>
    <test started-at="2022-10-09T14:25:19 IST" name="Test" finished-at="2022-10-09T14:26:33 IST" duration-ms="74451">
      <class name="testClasses.VerifyUserCanGetLowestPriceProduct">
        <test-method is-config="true" signature="beforeClass(java.lang.String)[pri:0, instance:testClasses.VerifyUserCanGetLowestPriceProduct@c430e6c]" started-at="2022-10-09T14:26:04 IST" name="beforeClass" finished-at="2022-10-09T14:26:04 IST" duration-ms="2" status="PASS">
          <params>
            <param index="0">
              <value>
                <![CDATA[chrome]]>
              </value>
            </param>
          </params>
          <reporter-output>
          </reporter-output>
        </test-method> <!-- beforeClass -->
        <test-method is-config="true" signature="beforeMethod()[pri:0, instance:testClasses.VerifyUserCanGetLowestPriceProduct@c430e6c]" started-at="2022-10-09T14:26:04 IST" name="beforeMethod" finished-at="2022-10-09T14:26:04 IST" duration-ms="3" status="PASS">
          <reporter-output>
          </reporter-output>
        </test-method> <!-- beforeMethod -->
        <test-method signature="VerifyUserCanSearchProduct()[pri:2, instance:testClasses.VerifyUserCanGetLowestPriceProduct@c430e6c]" started-at="2022-10-09T14:26:04 IST" name="VerifyUserCanSearchProduct" finished-at="2022-10-09T14:26:05 IST" duration-ms="1727" status="PASS">
          <reporter-output>
          </reporter-output>
        </test-method> <!-- VerifyUserCanSearchProduct -->
        <test-method is-config="true" signature="afterMethod(org.testng.ITestResult)[pri:0, instance:testClasses.VerifyUserCanGetLowestPriceProduct@c430e6c]" started-at="2022-10-09T14:26:05 IST" name="afterMethod" finished-at="2022-10-09T14:26:05 IST" duration-ms="1" status="PASS">
          <params>
            <param index="0">
              <value>
                <![CDATA[[TestResult name=VerifyUserCanSearchProduct status=SUCCESS method=VerifyUserCanGetLowestPriceProduct.VerifyUserCanSearchProduct()[pri:2, instance:testClasses.VerifyUserCanGetLowestPriceProduct@c430e6c] output={null}]]]>
              </value>
            </param>
          </params>
          <reporter-output>
          </reporter-output>
        </test-method> <!-- afterMethod -->
        <test-method is-config="true" signature="beforeMethod()[pri:0, instance:testClasses.VerifyUserCanGetLowestPriceProduct@c430e6c]" started-at="2022-10-09T14:26:05 IST" name="beforeMethod" finished-at="2022-10-09T14:26:05 IST" duration-ms="4" status="PASS">
          <reporter-output>
          </reporter-output>
        </test-method> <!-- beforeMethod -->
        <test-method signature="VerifyUserCanGetLowestPriceProductFromEachPage()[pri:3, instance:testClasses.VerifyUserCanGetLowestPriceProduct@c430e6c]" started-at="2022-10-09T14:26:05 IST" name="VerifyUserCanGetLowestPriceProductFromEachPage" finished-at="2022-10-09T14:26:17 IST" duration-ms="11695" status="PASS">
          <reporter-output>
          </reporter-output>
        </test-method> <!-- VerifyUserCanGetLowestPriceProductFromEachPage -->
        <test-method is-config="true" signature="afterMethod(org.testng.ITestResult)[pri:0, instance:testClasses.VerifyUserCanGetLowestPriceProduct@c430e6c]" started-at="2022-10-09T14:26:17 IST" name="afterMethod" finished-at="2022-10-09T14:26:17 IST" duration-ms="2" status="PASS">
          <params>
            <param index="0">
              <value>
                <![CDATA[[TestResult name=VerifyUserCanGetLowestPriceProductFromEachPage status=SUCCESS method=VerifyUserCanGetLowestPriceProduct.VerifyUserCanGetLowestPriceProductFromEachPage()[pri:3, instance:testClasses.VerifyUserCanGetLowestPriceProduct@c430e6c] output={null}]]]>
              </value>
            </param>
          </params>
          <reporter-output>
          </reporter-output>
        </test-method> <!-- afterMethod -->
        <test-method is-config="true" signature="afterClass()[pri:0, instance:testClasses.VerifyUserCanGetLowestPriceProduct@c430e6c]" started-at="2022-10-09T14:26:17 IST" name="afterClass" finished-at="2022-10-09T14:26:17 IST" duration-ms="127" status="PASS">
          <reporter-output>
          </reporter-output>
        </test-method> <!-- afterClass -->
      </class> <!-- testClasses.VerifyUserCanGetLowestPriceProduct -->
      <class name="testClasses.VerifyUserCanLogin">
        <test-method is-config="true" signature="beforeClass(java.lang.String)[pri:0, instance:testClasses.VerifyUserCanLogin@533bda92]" started-at="2022-10-09T14:25:19 IST" name="beforeClass" finished-at="2022-10-09T14:25:51 IST" duration-ms="32619" status="PASS">
          <params>
            <param index="0">
              <value>
                <![CDATA[chrome]]>
              </value>
            </param>
          </params>
          <reporter-output>
          </reporter-output>
        </test-method> <!-- beforeClass -->
        <test-method is-config="true" signature="beforeMethod()[pri:0, instance:testClasses.VerifyUserCanLogin@533bda92]" started-at="2022-10-09T14:25:51 IST" name="beforeMethod" finished-at="2022-10-09T14:25:52 IST" duration-ms="260" status="PASS">
          <reporter-output>
          </reporter-output>
        </test-method> <!-- beforeMethod -->
        <test-method signature="VerifyUserCanLogIn()[pri:0, instance:testClasses.VerifyUserCanLogin@533bda92]" started-at="2022-10-09T14:25:52 IST" name="VerifyUserCanLogIn" finished-at="2022-10-09T14:26:03 IST" duration-ms="11196" status="PASS">
          <reporter-output>
          </reporter-output>
        </test-method> <!-- VerifyUserCanLogIn -->
        <test-method is-config="true" signature="afterMethod(org.testng.ITestResult)[pri:0, instance:testClasses.VerifyUserCanLogin@533bda92]" started-at="2022-10-09T14:26:03 IST" name="afterMethod" finished-at="2022-10-09T14:26:03 IST" duration-ms="16" status="PASS">
          <params>
            <param index="0">
              <value>
                <![CDATA[[TestResult name=VerifyUserCanLogIn status=SUCCESS method=VerifyUserCanLogin.VerifyUserCanLogIn()[pri:0, instance:testClasses.VerifyUserCanLogin@533bda92] output={null}]]]>
              </value>
            </param>
          </params>
          <reporter-output>
          </reporter-output>
        </test-method> <!-- afterMethod -->
        <test-method is-config="true" signature="afterClass()[pri:0, instance:testClasses.VerifyUserCanLogin@533bda92]" started-at="2022-10-09T14:26:03 IST" name="afterClass" finished-at="2022-10-09T14:26:04 IST" duration-ms="791" status="PASS">
          <reporter-output>
          </reporter-output>
        </test-method> <!-- afterClass -->
      </class> <!-- testClasses.VerifyUserCanLogin -->
      <class name="testClasses.VerifyUserCanAddNewAddress">
        <test-method is-config="true" signature="beforeClass(java.lang.String)[pri:0, instance:testClasses.VerifyUserCanAddNewAddress@312aa7c]" started-at="2022-10-09T14:26:17 IST" name="beforeClass" finished-at="2022-10-09T14:26:17 IST" duration-ms="1" status="PASS">
          <params>
            <param index="0">
              <value>
                <![CDATA[chrome]]>
              </value>
            </param>
          </params>
          <reporter-output>
          </reporter-output>
        </test-method> <!-- beforeClass -->
        <test-method is-config="true" signature="beforeMethod()[pri:0, instance:testClasses.VerifyUserCanAddNewAddress@312aa7c]" started-at="2022-10-09T14:26:17 IST" name="beforeMethod" finished-at="2022-10-09T14:26:17 IST" duration-ms="11" status="PASS">
          <reporter-output>
          </reporter-output>
        </test-method> <!-- beforeMethod -->
        <test-method signature="verifyUserCanOpenProfilePage()[pri:4, instance:testClasses.VerifyUserCanAddNewAddress@312aa7c]" started-at="2022-10-09T14:26:17 IST" name="verifyUserCanOpenProfilePage" finished-at="2022-10-09T14:26:28 IST" duration-ms="10732" status="PASS">
          <reporter-output>
          </reporter-output>
        </test-method> <!-- verifyUserCanOpenProfilePage -->
        <test-method is-config="true" signature="afterMethod(org.testng.ITestResult)[pri:0, instance:testClasses.VerifyUserCanAddNewAddress@312aa7c]" started-at="2022-10-09T14:26:28 IST" name="afterMethod" finished-at="2022-10-09T14:26:28 IST" duration-ms="2" status="PASS">
          <params>
            <param index="0">
              <value>
                <![CDATA[[TestResult name=verifyUserCanOpenProfilePage status=SUCCESS method=VerifyUserCanAddNewAddress.verifyUserCanOpenProfilePage()[pri:4, instance:testClasses.VerifyUserCanAddNewAddress@312aa7c] output={null}]]]>
              </value>
            </param>
          </params>
          <reporter-output>
          </reporter-output>
        </test-method> <!-- afterMethod -->
        <test-method is-config="true" signature="beforeMethod()[pri:0, instance:testClasses.VerifyUserCanAddNewAddress@312aa7c]" started-at="2022-10-09T14:26:28 IST" name="beforeMethod" finished-at="2022-10-09T14:26:28 IST" duration-ms="2" status="PASS">
          <reporter-output>
          </reporter-output>
        </test-method> <!-- beforeMethod -->
        <test-method signature="addNewAddress(java.lang.String,java.lang.String,java.lang.String,java.lang.String,java.lang.String)[pri:5, instance:testClasses.VerifyUserCanAddNewAddress@312aa7c]" started-at="2022-10-09T14:26:28 IST" name="addNewAddress" data-provider="addressData" finished-at="2022-10-09T14:26:30 IST" duration-ms="2324" status="PASS">
          <params>
            <param index="0">
              <value>
                <![CDATA[Akshay]]>
              </value>
            </param>
            <param index="1">
              <value>
                <![CDATA[8956235623]]>
              </value>
            </param>
            <param index="2">
              <value>
                <![CDATA[413512]]>
              </value>
            </param>
            <param index="3">
              <value>
                <![CDATA[Nanded Road]]>
              </value>
            </param>
            <param index="4">
              <value>
                <![CDATA[B-22, A pune]]>
              </value>
            </param>
          </params>
          <reporter-output>
          </reporter-output>
        </test-method> <!-- addNewAddress -->
        <test-method is-config="true" signature="afterMethod(org.testng.ITestResult)[pri:0, instance:testClasses.VerifyUserCanAddNewAddress@312aa7c]" started-at="2022-10-09T14:26:30 IST" name="afterMethod" finished-at="2022-10-09T14:26:30 IST" duration-ms="1" status="PASS">
          <params>
            <param index="0">
              <value>
                <![CDATA[[TestResult name=addNewAddress status=SUCCESS method=VerifyUserCanAddNewAddress.addNewAddress(java.lang.String,java.lang.String,java.lang.String,java.lang.String,java.lang.String)[pri:5, instance:testClasses.VerifyUserCanAddNewAddress@312aa7c] output={null}]]]>
              </value>
            </param>
          </params>
          <reporter-output>
          </reporter-output>
        </test-method> <!-- afterMethod -->
        <test-method is-config="true" signature="beforeMethod()[pri:0, instance:testClasses.VerifyUserCanAddNewAddress@312aa7c]" started-at="2022-10-09T14:26:30 IST" name="beforeMethod" finished-at="2022-10-09T14:26:30 IST" duration-ms="6" status="PASS">
          <reporter-output>
          </reporter-output>
        </test-method> <!-- beforeMethod -->
        <test-method signature="addNewAddress(java.lang.String,java.lang.String,java.lang.String,java.lang.String,java.lang.String)[pri:5, instance:testClasses.VerifyUserCanAddNewAddress@312aa7c]" started-at="2022-10-09T14:26:30 IST" name="addNewAddress" data-provider="addressData" finished-at="2022-10-09T14:26:33 IST" duration-ms="2500" status="PASS">
          <params>
            <param index="0">
              <value>
                <![CDATA[Sneha]]>
              </value>
            </param>
            <param index="1">
              <value>
                <![CDATA[7845124512]]>
              </value>
            </param>
            <param index="2">
              <value>
                <![CDATA[411023]]>
              </value>
            </param>
            <param index="3">
              <value>
                <![CDATA[Warje]]>
              </value>
            </param>
            <param index="4">
              <value>
                <![CDATA[A-32, B shivaji nagar, near english school]]>
              </value>
            </param>
          </params>
          <reporter-output>
          </reporter-output>
        </test-method> <!-- addNewAddress -->
        <test-method is-config="true" signature="afterMethod(org.testng.ITestResult)[pri:0, instance:testClasses.VerifyUserCanAddNewAddress@312aa7c]" started-at="2022-10-09T14:26:33 IST" name="afterMethod" finished-at="2022-10-09T14:26:33 IST" duration-ms="2" status="PASS">
          <params>
            <param index="0">
              <value>
                <![CDATA[[TestResult name=addNewAddress status=SUCCESS method=VerifyUserCanAddNewAddress.addNewAddress(java.lang.String,java.lang.String,java.lang.String,java.lang.String,java.lang.String)[pri:5, instance:testClasses.VerifyUserCanAddNewAddress@312aa7c] output={null}]]]>
              </value>
            </param>
          </params>
          <reporter-output>
          </reporter-output>
        </test-method> <!-- afterMethod -->
        <test-method is-config="true" signature="afterClass()[pri:0, instance:testClasses.VerifyUserCanAddNewAddress@312aa7c]" started-at="2022-10-09T14:26:33 IST" name="afterClass" finished-at="2022-10-09T14:26:33 IST" duration-ms="218" status="PASS">
          <reporter-output>
          </reporter-output>
        </test-method> <!-- afterClass -->
      </class> <!-- testClasses.VerifyUserCanAddNewAddress -->
    </test> <!-- Test -->
  </suite> <!-- Suite -->
</testng-results>
